<?xml version="1.0" encoding="UTF-8"?>
<!-- Generated by org.testng.reporters.JUnitReportReporter -->
<testsuite hostname="DESKTOP-KDKJ11Q" failures="0" tests="1" name="comm.fierbase.tests.RandomScenario.RandomScenario" time="15.605" errors="0" timestamp="2022-02-12T00:59:47 PST" skipped="0">
  <testcase classname="comm.fierbase.tests.RandomScenario.RandomScenario" name="verifyFirstAndLastNHomePageT33" time="15.605"/>
  <system-out/>
</testsuite> <!-- comm.fierbase.tests.RandomScenario.RandomScenario -->
