<?xml version="1.0" encoding="UTF-8"?>
<!-- Generated by org.testng.reporters.JUnitReportReporter -->
<testsuite hostname="DESKTOP-KDKJ11Q" failures="0" tests="1" name="com.salesForce.tests.Opportunity.OpportunityTest" time="41.736" errors="0" timestamp="2022-02-10T18:19:02 PST" skipped="0">
  <testcase classname="com.salesForce.tests.Opportunity.OpportunityTest" name="createNewOportuntyT16" time="41.736"/>
  <system-out/>
</testsuite> <!-- com.salesForce.tests.Opportunity.OpportunityTest -->
