<?xml version="1.0" encoding="UTF-8"?>
<!-- Generated by org.testng.reporters.JUnitReportReporter -->
<testsuite hostname="DESKTOP-KDKJ11Q" failures="0" tests="3" name="com.firebase.tests.Login.LoginTest" time="35.528" errors="0" timestamp="2022-02-06T15:13:06 PST" skipped="0">
  <testcase classname="com.firebase.tests.Login.LoginTest" name="validLoginTestWithCheckBoxClicked" time="15.720"/>
  <system-out/>
  <testcase classname="com.firebase.tests.Login.LoginTest" name="validLoginTest" time="12.786"/>
  <system-out/>
  <testcase classname="com.firebase.tests.Login.LoginTest" name="invalidLoginTest" time="7.022"/>
  <system-out/>
</testsuite> <!-- com.firebase.tests.Login.LoginTest -->
